<?xml version="1.0" encoding="UTF-8"?>
<!-- Generated by org.testng.reporters.JUnitReportReporter -->
<testsuite skipped="0" hostname="Rana.local" name="test.mypackage.login.LoginRunner" tests="1" failures="0" timestamp="2021-08-25T11:49:29 EET" time="0.161" errors="0">
  <testcase name="runScenario" time="0.161" classname="test.mypackage.login.LoginRunner"/>
  <system-out/>
</testsuite> <!-- test.mypackage.login.LoginRunner -->
